mode: set
github.com/workived/services/internal/employee/cache.go:17.46,18.26 1 0
github.com/workived/services/internal/employee/cache.go:18.26,20.3 1 0
github.com/workived/services/internal/employee/cache.go:25.101,26.20 1 1
github.com/workived/services/internal/employee/cache.go:26.20,28.69 2 0
github.com/workived/services/internal/employee/cache.go:28.69,30.4 1 0
github.com/workived/services/internal/employee/cache.go:33.2,34.16 2 1
github.com/workived/services/internal/employee/cache.go:34.16,36.3 1 1
github.com/workived/services/internal/employee/cache.go:38.2,38.20 1 1
github.com/workived/services/internal/employee/cache.go:38.20,40.3 1 0
github.com/workived/services/internal/employee/cache.go:41.2,41.17 1 1
github.com/workived/services/internal/employee/cache.go:44.102,45.20 1 0
github.com/workived/services/internal/employee/cache.go:45.20,47.58 2 0
github.com/workived/services/internal/employee/cache.go:47.58,49.4 1 0
github.com/workived/services/internal/employee/cache.go:52.2,53.16 2 0
github.com/workived/services/internal/employee/cache.go:53.16,55.3 1 0
github.com/workived/services/internal/employee/cache.go:57.2,57.20 1 0
github.com/workived/services/internal/employee/cache.go:57.20,59.3 1 0
github.com/workived/services/internal/employee/cache.go:60.2,60.17 1 0
github.com/workived/services/internal/employee/cache.go:63.88,64.20 1 1
github.com/workived/services/internal/employee/cache.go:64.20,66.53 2 0
github.com/workived/services/internal/employee/cache.go:66.53,68.4 1 0
github.com/workived/services/internal/employee/cache.go:71.2,72.16 2 1
github.com/workived/services/internal/employee/cache.go:72.16,74.3 1 1
github.com/workived/services/internal/employee/cache.go:76.2,76.20 1 1
github.com/workived/services/internal/employee/cache.go:76.20,78.3 1 0
github.com/workived/services/internal/employee/cache.go:79.2,79.19 1 1
github.com/workived/services/internal/employee/cache.go:82.97,83.20 1 0
github.com/workived/services/internal/employee/cache.go:83.20,85.60 2 0
github.com/workived/services/internal/employee/cache.go:85.60,87.4 1 0
github.com/workived/services/internal/employee/cache.go:90.2,91.16 2 0
github.com/workived/services/internal/employee/cache.go:91.16,93.3 1 0
github.com/workived/services/internal/employee/cache.go:95.2,95.20 1 0
github.com/workived/services/internal/employee/cache.go:95.20,97.3 1 0
github.com/workived/services/internal/employee/cache.go:98.2,98.18 1 0
github.com/workived/services/internal/employee/cache.go:103.73,104.20 1 1
github.com/workived/services/internal/employee/cache.go:104.20,106.3 1 0
github.com/workived/services/internal/employee/handler.go:34.52,36.2 1 1
github.com/workived/services/internal/employee/handler.go:38.55,48.2 9 1
github.com/workived/services/internal/employee/handler.go:51.43,52.27 1 1
github.com/workived/services/internal/employee/handler.go:52.27,55.3 2 1
github.com/workived/services/internal/employee/handler.go:56.2,56.10 1 1
github.com/workived/services/internal/employee/handler.go:59.41,64.16 4 1
github.com/workived/services/internal/employee/handler.go:64.16,67.3 2 1
github.com/workived/services/internal/employee/handler.go:69.2,69.43 1 1
github.com/workived/services/internal/employee/handler.go:72.40,78.37 3 1
github.com/workived/services/internal/employee/handler.go:78.37,80.3 1 1
github.com/workived/services/internal/employee/handler.go:81.2,81.44 1 1
github.com/workived/services/internal/employee/handler.go:81.44,83.3 1 1
github.com/workived/services/internal/employee/handler.go:84.2,84.46 1 1
github.com/workived/services/internal/employee/handler.go:84.46,86.3 1 0
github.com/workived/services/internal/employee/handler.go:87.2,87.37 1 1
github.com/workived/services/internal/employee/handler.go:87.37,89.3 1 1
github.com/workived/services/internal/employee/handler.go:90.2,90.67 1 1
github.com/workived/services/internal/employee/handler.go:90.67,92.3 1 1
github.com/workived/services/internal/employee/handler.go:92.8,94.3 1 1
github.com/workived/services/internal/employee/handler.go:96.2,97.16 2 1
github.com/workived/services/internal/employee/handler.go:97.16,100.3 2 1
github.com/workived/services/internal/employee/handler.go:102.2,102.77 1 1
github.com/workived/services/internal/employee/handler.go:105.42,109.47 3 1
github.com/workived/services/internal/employee/handler.go:109.47,112.3 2 1
github.com/workived/services/internal/employee/handler.go:113.2,113.45 1 1
github.com/workived/services/internal/employee/handler.go:113.45,116.3 2 1
github.com/workived/services/internal/employee/handler.go:118.2,120.16 3 1
github.com/workived/services/internal/employee/handler.go:120.16,123.3 2 1
github.com/workived/services/internal/employee/handler.go:125.2,125.48 1 1
github.com/workived/services/internal/employee/handler.go:128.39,131.16 3 1
github.com/workived/services/internal/employee/handler.go:131.16,134.3 2 1
github.com/workived/services/internal/employee/handler.go:136.2,137.16 2 1
github.com/workived/services/internal/employee/handler.go:137.16,140.3 2 1
github.com/workived/services/internal/employee/handler.go:142.2,142.43 1 1
github.com/workived/services/internal/employee/handler.go:145.42,148.16 3 1
github.com/workived/services/internal/employee/handler.go:148.16,151.3 2 1
github.com/workived/services/internal/employee/handler.go:153.2,154.47 2 1
github.com/workived/services/internal/employee/handler.go:154.47,157.3 2 1
github.com/workived/services/internal/employee/handler.go:158.2,158.45 1 1
github.com/workived/services/internal/employee/handler.go:158.45,161.3 2 1
github.com/workived/services/internal/employee/handler.go:163.2,165.16 3 1
github.com/workived/services/internal/employee/handler.go:165.16,168.3 2 1
github.com/workived/services/internal/employee/handler.go:170.2,170.43 1 1
github.com/workived/services/internal/employee/handler.go:173.46,176.16 3 1
github.com/workived/services/internal/employee/handler.go:176.16,179.3 2 1
github.com/workived/services/internal/employee/handler.go:181.2,182.85 2 1
github.com/workived/services/internal/employee/handler.go:182.85,185.3 2 1
github.com/workived/services/internal/employee/handler.go:187.2,187.80 1 1
github.com/workived/services/internal/employee/handler.go:191.52,194.16 3 1
github.com/workived/services/internal/employee/handler.go:194.16,197.3 2 0
github.com/workived/services/internal/employee/handler.go:199.2,200.16 2 1
github.com/workived/services/internal/employee/handler.go:200.16,203.3 2 1
github.com/workived/services/internal/employee/handler.go:205.2,205.49 1 1
github.com/workived/services/internal/employee/handler.go:209.47,213.16 3 1
github.com/workived/services/internal/employee/handler.go:213.16,216.3 2 1
github.com/workived/services/internal/employee/handler.go:218.2,218.44 1 1
github.com/workived/services/internal/employee/handler.go:223.47,227.16 3 1
github.com/workived/services/internal/employee/handler.go:227.16,230.3 2 0
github.com/workived/services/internal/employee/handler.go:232.2,232.49 1 1
github.com/workived/services/internal/employee/repository.go:20.50,22.2 1 1
github.com/workived/services/internal/employee/repository.go:24.111,54.16 4 1
github.com/workived/services/internal/employee/repository.go:54.16,56.3 1 0
github.com/workived/services/internal/employee/repository.go:57.2,60.18 3 1
github.com/workived/services/internal/employee/repository.go:60.18,69.17 2 1
github.com/workived/services/internal/employee/repository.go:69.17,71.4 1 0
github.com/workived/services/internal/employee/repository.go:72.3,72.25 1 1
github.com/workived/services/internal/employee/repository.go:74.2,74.25 1 1
github.com/workived/services/internal/employee/repository.go:77.85,84.2 3 1
github.com/workived/services/internal/employee/repository.go:87.94,98.16 2 1
github.com/workived/services/internal/employee/repository.go:98.16,100.3 1 0
github.com/workived/services/internal/employee/repository.go:101.2,104.18 3 1
github.com/workived/services/internal/employee/repository.go:104.18,112.17 2 1
github.com/workived/services/internal/employee/repository.go:112.17,114.4 1 0
github.com/workived/services/internal/employee/repository.go:115.3,115.25 1 1
github.com/workived/services/internal/employee/repository.go:117.2,117.25 1 1
github.com/workived/services/internal/employee/repository.go:120.113,141.16 3 1
github.com/workived/services/internal/employee/repository.go:141.16,142.51 1 0
github.com/workived/services/internal/employee/repository.go:142.51,145.4 2 0
github.com/workived/services/internal/employee/repository.go:146.3,146.18 1 0
github.com/workived/services/internal/employee/repository.go:148.2,148.15 1 1
github.com/workived/services/internal/employee/repository.go:151.102,179.16 3 1
github.com/workived/services/internal/employee/repository.go:179.16,180.36 1 1
github.com/workived/services/internal/employee/repository.go:180.36,182.4 1 1
github.com/workived/services/internal/employee/repository.go:183.3,183.18 1 0
github.com/workived/services/internal/employee/repository.go:185.2,185.15 1 1
github.com/workived/services/internal/employee/repository.go:190.153,196.16 2 0
github.com/workived/services/internal/employee/repository.go:196.16,197.36 1 0
github.com/workived/services/internal/employee/repository.go:197.36,199.4 1 0
github.com/workived/services/internal/employee/repository.go:200.3,200.27 1 0
github.com/workived/services/internal/employee/repository.go:202.2,202.36 1 0
github.com/workived/services/internal/employee/repository.go:206.107,212.16 3 0
github.com/workived/services/internal/employee/repository.go:212.16,213.36 1 0
github.com/workived/services/internal/employee/repository.go:213.36,215.4 1 0
github.com/workived/services/internal/employee/repository.go:216.3,216.18 1 0
github.com/workived/services/internal/employee/repository.go:218.2,218.20 1 0
github.com/workived/services/internal/employee/repository.go:222.112,228.16 3 0
github.com/workived/services/internal/employee/repository.go:228.16,229.36 1 0
github.com/workived/services/internal/employee/repository.go:229.36,231.4 1 0
github.com/workived/services/internal/employee/repository.go:232.3,232.26 1 0
github.com/workived/services/internal/employee/repository.go:234.2,234.23 1 0
github.com/workived/services/internal/employee/repository.go:238.104,244.16 3 0
github.com/workived/services/internal/employee/repository.go:244.16,245.36 1 0
github.com/workived/services/internal/employee/repository.go:245.36,247.4 1 0
github.com/workived/services/internal/employee/repository.go:248.3,248.17 1 0
github.com/workived/services/internal/employee/repository.go:250.2,250.21 1 0
github.com/workived/services/internal/employee/repository.go:253.123,271.16 3 0
github.com/workived/services/internal/employee/repository.go:271.16,273.3 1 0
github.com/workived/services/internal/employee/repository.go:274.2,274.17 1 0
github.com/workived/services/internal/employee/repository.go:274.17,276.3 1 0
github.com/workived/services/internal/employee/repository.go:277.2,277.12 1 0
github.com/workived/services/internal/employee/repository.go:280.117,314.16 3 1
github.com/workived/services/internal/employee/repository.go:314.16,315.36 1 1
github.com/workived/services/internal/employee/repository.go:315.36,317.4 1 1
github.com/workived/services/internal/employee/repository.go:318.3,318.51 1 0
github.com/workived/services/internal/employee/repository.go:318.51,321.4 2 0
github.com/workived/services/internal/employee/repository.go:322.3,322.18 1 0
github.com/workived/services/internal/employee/repository.go:324.2,324.15 1 1
github.com/workived/services/internal/employee/repository.go:328.99,345.16 3 1
github.com/workived/services/internal/employee/repository.go:345.16,346.36 1 1
github.com/workived/services/internal/employee/repository.go:346.36,348.4 1 1
github.com/workived/services/internal/employee/repository.go:349.3,349.18 1 0
github.com/workived/services/internal/employee/repository.go:351.2,351.15 1 1
github.com/workived/services/internal/employee/repository.go:355.81,360.16 2 1
github.com/workived/services/internal/employee/repository.go:360.16,362.3 1 0
github.com/workived/services/internal/employee/repository.go:363.2,363.29 1 1
github.com/workived/services/internal/employee/repository.go:363.29,365.3 1 1
github.com/workived/services/internal/employee/repository.go:366.2,366.12 1 1
github.com/workived/services/internal/employee/repository.go:370.108,383.16 2 1
github.com/workived/services/internal/employee/repository.go:383.16,385.3 1 0
github.com/workived/services/internal/employee/repository.go:386.2,389.18 3 1
github.com/workived/services/internal/employee/repository.go:389.18,397.17 2 1
github.com/workived/services/internal/employee/repository.go:397.17,399.4 1 0
github.com/workived/services/internal/employee/repository.go:400.3,400.25 1 1
github.com/workived/services/internal/employee/repository.go:402.2,402.25 1 1
github.com/workived/services/internal/employee/repository.go:407.110,415.16 2 0
github.com/workived/services/internal/employee/repository.go:415.16,417.3 1 0
github.com/workived/services/internal/employee/repository.go:418.2,421.18 3 0
github.com/workived/services/internal/employee/repository.go:421.18,423.40 2 0
github.com/workived/services/internal/employee/repository.go:423.40,425.4 1 0
github.com/workived/services/internal/employee/repository.go:426.3,426.24 1 0
github.com/workived/services/internal/employee/repository.go:428.2,428.24 1 0
github.com/workived/services/internal/employee/repository.go:433.137,434.27 1 0
github.com/workived/services/internal/employee/repository.go:434.27,436.3 1 0
github.com/workived/services/internal/employee/repository.go:438.2,445.16 2 0
github.com/workived/services/internal/employee/repository.go:445.16,447.3 1 0
github.com/workived/services/internal/employee/repository.go:448.2,451.18 3 0
github.com/workived/services/internal/employee/repository.go:451.18,454.47 3 0
github.com/workived/services/internal/employee/repository.go:454.47,456.4 1 0
github.com/workived/services/internal/employee/repository.go:457.3,457.20 1 0
github.com/workived/services/internal/employee/repository.go:459.2,459.27 1 0
github.com/workived/services/internal/employee/repository.go:462.146,463.27 1 0
github.com/workived/services/internal/employee/repository.go:463.27,465.3 1 0
github.com/workived/services/internal/employee/repository.go:467.2,476.16 2 0
github.com/workived/services/internal/employee/repository.go:476.16,478.3 1 0
github.com/workived/services/internal/employee/repository.go:479.2,482.18 3 0
github.com/workived/services/internal/employee/repository.go:482.18,485.47 3 0
github.com/workived/services/internal/employee/repository.go:485.47,487.4 1 0
github.com/workived/services/internal/employee/repository.go:488.3,488.20 1 0
github.com/workived/services/internal/employee/repository.go:490.2,490.27 1 0
github.com/workived/services/internal/employee/repository.go:494.113,515.16 3 0
github.com/workived/services/internal/employee/repository.go:515.16,516.36 1 0
github.com/workived/services/internal/employee/repository.go:516.36,518.4 1 0
github.com/workived/services/internal/employee/repository.go:519.3,519.18 1 0
github.com/workived/services/internal/employee/repository.go:521.2,521.20 1 0
github.com/workived/services/internal/employee/repository.go:526.100,568.16 2 1
github.com/workived/services/internal/employee/repository.go:568.16,570.3 1 0
github.com/workived/services/internal/employee/repository.go:571.2,574.18 3 1
github.com/workived/services/internal/employee/repository.go:574.18,589.17 4 1
github.com/workived/services/internal/employee/repository.go:589.17,591.4 1 0
github.com/workived/services/internal/employee/repository.go:594.3,594.16 1 1
github.com/workived/services/internal/employee/repository.go:594.16,599.4 4 0
github.com/workived/services/internal/employee/repository.go:599.9,599.42 1 1
github.com/workived/services/internal/employee/repository.go:599.42,601.4 1 0
github.com/workived/services/internal/employee/repository.go:601.9,601.41 1 1
github.com/workived/services/internal/employee/repository.go:601.41,603.4 1 0
github.com/workived/services/internal/employee/repository.go:603.9,605.4 1 1
github.com/workived/services/internal/employee/repository.go:608.3,608.37 1 1
github.com/workived/services/internal/employee/repository.go:608.37,610.50 2 0
github.com/workived/services/internal/employee/repository.go:610.50,614.5 3 0
github.com/workived/services/internal/employee/repository.go:617.3,617.35 1 1
github.com/workived/services/internal/employee/repository.go:620.2,620.30 1 1
github.com/workived/services/internal/employee/repository.go:623.35,624.13 1 1
github.com/workived/services/internal/employee/repository.go:624.13,626.3 1 1
github.com/workived/services/internal/employee/repository.go:627.2,627.11 1 0
github.com/workived/services/internal/employee/repository.go:630.64,632.54 2 0
github.com/workived/services/internal/employee/repository.go:632.54,634.3 1 0
github.com/workived/services/internal/employee/repository.go:635.2,635.35 1 0
github.com/workived/services/internal/employee/repository.go:640.140,641.20 1 0
github.com/workived/services/internal/employee/repository.go:642.45,643.19 1 0
github.com/workived/services/internal/employee/repository.go:643.19,648.18 3 0
github.com/workived/services/internal/employee/repository.go:648.18,650.5 1 0
github.com/workived/services/internal/employee/repository.go:652.3,652.75 1 0
github.com/workived/services/internal/employee/repository.go:653.40,654.19 1 0
github.com/workived/services/internal/employee/repository.go:654.19,659.18 3 0
github.com/workived/services/internal/employee/repository.go:659.18,661.5 1 0
github.com/workived/services/internal/employee/repository.go:663.3,663.82 1 0
github.com/workived/services/internal/employee/repository.go:664.10,665.78 1 0
github.com/workived/services/internal/employee/service.go:46.100,48.27 2 1
github.com/workived/services/internal/employee/service.go:48.27,50.3 1 1
github.com/workived/services/internal/employee/service.go:51.2,51.10 1 1
github.com/workived/services/internal/employee/service.go:58.50,59.26 1 1
github.com/workived/services/internal/employee/service.go:59.26,61.3 1 1
github.com/workived/services/internal/employee/service.go:65.51,66.26 1 0
github.com/workived/services/internal/employee/service.go:66.26,68.3 1 0
github.com/workived/services/internal/employee/service.go:72.79,73.26 1 0
github.com/workived/services/internal/employee/service.go:73.26,75.3 1 0
github.com/workived/services/internal/employee/service.go:80.71,81.23 1 1
github.com/workived/services/internal/employee/service.go:81.23,83.3 1 0
github.com/workived/services/internal/employee/service.go:84.2,84.51 1 1
github.com/workived/services/internal/employee/service.go:84.51,86.3 1 1
github.com/workived/services/internal/employee/service.go:94.98,99.16 4 1
github.com/workived/services/internal/employee/service.go:99.16,101.3 1 1
github.com/workived/services/internal/employee/service.go:103.2,104.13 2 1
github.com/workived/services/internal/employee/service.go:104.13,106.3 1 1
github.com/workived/services/internal/employee/service.go:108.2,109.30 2 1
github.com/workived/services/internal/employee/service.go:109.30,112.3 2 1
github.com/workived/services/internal/employee/service.go:114.2,117.8 1 1
github.com/workived/services/internal/employee/service.go:120.136,122.16 2 1
github.com/workived/services/internal/employee/service.go:122.16,124.3 1 1
github.com/workived/services/internal/employee/service.go:126.2,126.18 1 1
github.com/workived/services/internal/employee/service.go:126.18,128.17 2 1
github.com/workived/services/internal/employee/service.go:128.17,130.4 1 1
github.com/workived/services/internal/employee/service.go:131.3,131.22 1 1
github.com/workived/services/internal/employee/service.go:131.22,134.4 1 1
github.com/workived/services/internal/employee/service.go:138.2,138.42 1 1
github.com/workived/services/internal/employee/service.go:138.42,140.3 1 1
github.com/workived/services/internal/employee/service.go:143.2,143.28 1 1
github.com/workived/services/internal/employee/service.go:143.28,144.87 1 0
github.com/workived/services/internal/employee/service.go:144.87,146.4 1 0
github.com/workived/services/internal/employee/service.go:149.2,150.16 2 1
github.com/workived/services/internal/employee/service.go:150.16,152.3 1 0
github.com/workived/services/internal/employee/service.go:155.2,155.28 1 1
github.com/workived/services/internal/employee/service.go:155.28,157.3 1 0
github.com/workived/services/internal/employee/service.go:159.2,161.26 2 1
github.com/workived/services/internal/employee/service.go:161.26,170.3 1 1
github.com/workived/services/internal/employee/service.go:172.2,172.17 1 1
github.com/workived/services/internal/employee/service.go:175.95,177.2 1 1
github.com/workived/services/internal/employee/service.go:179.96,181.2 1 0
github.com/workived/services/internal/employee/service.go:183.140,186.16 2 1
github.com/workived/services/internal/employee/service.go:186.16,188.3 1 1
github.com/workived/services/internal/employee/service.go:189.2,192.28 2 1
github.com/workived/services/internal/employee/service.go:192.28,193.81 1 0
github.com/workived/services/internal/employee/service.go:193.81,195.4 1 0
github.com/workived/services/internal/employee/service.go:198.2,199.16 2 1
github.com/workived/services/internal/employee/service.go:199.16,201.3 1 0
github.com/workived/services/internal/employee/service.go:204.2,204.28 1 1
github.com/workived/services/internal/employee/service.go:204.28,208.71 2 0
github.com/workived/services/internal/employee/service.go:208.71,210.4 1 0
github.com/workived/services/internal/employee/service.go:213.3,213.71 1 0
github.com/workived/services/internal/employee/service.go:217.2,217.53 1 1
github.com/workived/services/internal/employee/service.go:217.53,225.3 2 0
github.com/workived/services/internal/employee/service.go:225.8,230.3 1 1
github.com/workived/services/internal/employee/service.go:232.2,235.26 2 1
github.com/workived/services/internal/employee/service.go:235.26,245.3 1 1
github.com/workived/services/internal/employee/service.go:247.2,247.17 1 1
github.com/workived/services/internal/employee/service.go:250.104,253.16 2 1
github.com/workived/services/internal/employee/service.go:253.16,255.3 1 1
github.com/workived/services/internal/employee/service.go:257.2,257.58 1 1
github.com/workived/services/internal/employee/service.go:257.58,259.3 1 0
github.com/workived/services/internal/employee/service.go:261.2,264.28 2 1
github.com/workived/services/internal/employee/service.go:264.28,266.3 1 0
github.com/workived/services/internal/employee/service.go:268.2,268.26 1 1
github.com/workived/services/internal/employee/service.go:268.26,276.3 1 1
github.com/workived/services/internal/employee/service.go:278.2,278.12 1 1
github.com/workived/services/internal/employee/service.go:282.105,284.2 1 0
github.com/workived/services/internal/employee/service.go:287.110,289.2 1 0
github.com/workived/services/internal/employee/service.go:292.94,295.16 2 0
github.com/workived/services/internal/employee/service.go:295.16,297.3 1 0
github.com/workived/services/internal/employee/service.go:300.2,301.27 2 0
github.com/workived/services/internal/employee/service.go:301.27,303.3 1 0
github.com/workived/services/internal/employee/service.go:306.2,310.32 3 0
github.com/workived/services/internal/employee/service.go:310.32,323.3 2 0
github.com/workived/services/internal/employee/service.go:326.2,326.29 1 0
github.com/workived/services/internal/employee/service.go:326.29,327.30 1 0
github.com/workived/services/internal/employee/service.go:327.30,330.4 1 0
github.com/workived/services/internal/employee/service.go:330.9,330.64 1 0
github.com/workived/services/internal/employee/service.go:330.64,333.4 1 0
github.com/workived/services/internal/employee/service.go:333.9,336.4 1 0
github.com/workived/services/internal/employee/service.go:339.2,339.19 1 0
github.com/workived/services/internal/employee/service.go:346.106,348.55 1 0
github.com/workived/services/internal/employee/service.go:348.55,350.3 1 0
github.com/workived/services/internal/employee/service.go:353.2,354.16 2 0
github.com/workived/services/internal/employee/service.go:354.16,356.3 1 0
github.com/workived/services/internal/employee/service.go:357.2,357.37 1 0
github.com/workived/services/internal/employee/service.go:357.37,359.3 1 0
github.com/workived/services/internal/employee/service.go:362.2,362.28 1 0
github.com/workived/services/internal/employee/service.go:362.28,368.42 5 0
github.com/workived/services/internal/employee/service.go:368.42,369.30 1 0
github.com/workived/services/internal/employee/service.go:369.30,371.5 1 0
github.com/workived/services/internal/employee/service.go:372.4,372.25 1 0
github.com/workived/services/internal/employee/service.go:372.25,375.5 1 0
github.com/workived/services/internal/employee/service.go:376.4,379.18 3 0
github.com/workived/services/internal/employee/service.go:379.18,380.10 1 0
github.com/workived/services/internal/employee/service.go:382.4,383.11 2 0
github.com/workived/services/internal/employee/service.go:386.3,386.24 1 0
github.com/workived/services/internal/employee/service.go:386.24,388.4 1 0
github.com/workived/services/internal/employee/service.go:391.2,391.12 1 0
github.com/workived/services/internal/employee/service.go:396.97,398.16 2 1
github.com/workived/services/internal/employee/service.go:398.16,404.3 2 0
github.com/workived/services/internal/employee/service.go:406.2,411.23 2 1
github.com/workived/services/internal/employee/service.go:415.125,419.61 2 0
github.com/workived/services/internal/employee/service.go:419.61,428.3 1 0
github.com/workived/services/internal/employee/service.go:431.2,431.55 1 0
github.com/workived/services/internal/employee/service.go:431.55,444.17 3 0
github.com/workived/services/internal/employee/service.go:444.17,446.4 1 0
github.com/workived/services/internal/employee/service.go:446.9,448.4 1 0
github.com/workived/services/internal/employee/service.go:452.2,452.102 1 0
github.com/workived/services/internal/employee/service.go:452.102,462.3 1 0
github.com/workived/services/internal/employee/service.go:465.2,465.36 1 0
github.com/workived/services/internal/employee/service.go:465.36,476.3 3 0
github.com/workived/services/internal/employee/service.go:479.2,479.52 1 0
github.com/workived/services/internal/employee/service.go:479.52,494.17 5 0
github.com/workived/services/internal/employee/service.go:494.17,496.4 1 0
github.com/workived/services/internal/employee/service.go:496.9,498.4 1 0
github.com/workived/services/internal/employee/service.go:503.31,504.14 1 0
github.com/workived/services/internal/employee/service.go:504.14,506.3 1 0
github.com/workived/services/internal/employee/service.go:507.2,507.11 1 0
github.com/workived/services/internal/employee/service.go:512.41,513.26 1 0
github.com/workived/services/internal/employee/service.go:513.26,515.3 1 0
github.com/workived/services/internal/employee/service.go:516.2,516.26 1 0
github.com/workived/services/internal/employee/service.go:516.26,518.3 1 0
github.com/workived/services/internal/employee/service.go:519.2,519.17 1 0
github.com/workived/services/internal/employee/service.go:522.40,523.26 1 0
github.com/workived/services/internal/employee/service.go:523.26,525.3 1 0
github.com/workived/services/internal/employee/service.go:526.2,526.26 1 0
github.com/workived/services/internal/employee/service.go:526.26,528.3 1 0
github.com/workived/services/internal/employee/service.go:529.2,529.17 1 0
github.com/workived/services/internal/employee/service.go:532.101,533.42 1 0
github.com/workived/services/internal/employee/service.go:533.42,535.3 1 0
github.com/workived/services/internal/employee/service.go:536.2,536.42 1 0
github.com/workived/services/internal/employee/service.go:536.42,538.3 1 0
github.com/workived/services/internal/employee/service.go:539.2,539.30 1 0
github.com/workived/services/internal/employee/service.go:539.30,541.3 1 0
github.com/workived/services/internal/employee/service.go:543.2,543.49 1 0
github.com/workived/services/internal/employee/service.go:546.45,547.15 1 0
github.com/workived/services/internal/employee/service.go:547.15,549.3 1 0
github.com/workived/services/internal/employee/service.go:550.2,551.11 2 0
